<?xml version="1.0" encoding="UTF-8"?>
<testng-results skipped="0" failed="0" ignored="0" total="1" passed="1">
  <reporter-output>
  </reporter-output>
  <suite name="Default suite" duration-ms="21260" started-at="2020-10-11T18:51:46 IST" finished-at="2020-10-11T18:52:07 IST">
    <groups>
    </groups>
    <test name="Default test" duration-ms="21260" started-at="2020-10-11T18:51:46 IST" finished-at="2020-10-11T18:52:07 IST">
      <class name="extentreports007.ExtentReortdemo">
        <test-method status="PASS" signature="config()[pri:0, instance:extentreports007.ExtentReortdemo@5d76b067]" name="config" is-config="true" duration-ms="296" started-at="2020-10-11T18:51:46 IST" finished-at="2020-10-11T18:51:46 IST">
          <reporter-output>
          </reporter-output>
        </test-method> <!-- config -->
        <test-method status="PASS" signature="initialdemo()[pri:0, instance:extentreports007.ExtentReortdemo@5d76b067]" name="initialdemo" duration-ms="20885" started-at="2020-10-11T18:51:46 IST" finished-at="2020-10-11T18:52:07 IST">
          <reporter-output>
          </reporter-output>
        </test-method> <!-- initialdemo -->
      </class> <!-- extentreports007.ExtentReortdemo -->
    </test> <!-- Default test -->
  </suite> <!-- Default suite -->
</testng-results>
